<?xml version="1.0" encoding="UTF-8"?>
<testng-results skipped="0" failed="0" total="1" passed="1">
  <reporter-output>
  </reporter-output>
  <suite name="Default suite" duration-ms="47" started-at="2022-07-20T11:34:08Z" finished-at="2022-07-20T11:34:08Z">
    <groups>
    </groups>
    <test name="Default test" duration-ms="47" started-at="2022-07-20T11:34:08Z" finished-at="2022-07-20T11:34:08Z">
      <class name="practice.SampleTest1">
        <test-method status="PASS" signature="createContact()" name="createContact" duration-ms="26" started-at="2022-07-20T11:34:08Z" finished-at="2022-07-20T11:34:08Z">
        </test-method>
      </class>
    </test>
  </suite>
</testng-results>
